Removed world/gc-logs/gc-20200630_1833.log: not used
Removed world/gc-logs/gc-20200630_1100.log: not used
Removed world/gc-logs/gc-20200630_1739.log: not used
Removed world/playerdata/2f4a36ab-751e-4aca-bd57-d2b7627d5043.dat_old: not used
Removed world/playerdata/db37cf7e-1900-4472-9c1a-f88509c9da0f.dat_old: not used
Removed world/playerdata/607e1bb3-44de-4556-a7ca-1b7561c6b152.dat_old: not used
Removed world/playerdata/6869f800-cd42-4373-b855-137bff5fed23.dat_old: not used
Removed world/playerdata/73c3589c-2765-4533-b678-214605045642.dat_old: not used
Removed world/playerdata/246ac730-4d6a-4037-941a-c16e1cbbbc45.dat_old: not used
Removed world/playerdata/31f8bd74-5c9b-4678-bad4-5149c07f78e5.dat_old: not used
Removed world/playerdata/ae13580f-32bb-4640-ae54-f2f101e6f3cc.dat_old: not used
Removed world/poi/r.-6.-2.mca: 0 size
Removed world/poi/r.-2.0.mca: 0 size
Removed world/poi/r.-1.2.mca: 0 size
Removed world/poi/r.-1.3.mca: 0 size
Removed world/poi/r.-1.1.mca: 0 size
Removed world/poi/r.0.-5.mca: 0 size
Removed world/poi/r.-2.-3.mca: 0 size
Removed world/poi/r.0.-3.mca: 0 size
Removed world/poi/r.-7.-1.mca: 0 size
Removed world/poi/r.0.1.mca: 0 size
Removed world/poi/r.0.3.mca: 0 size
Removed world/poi/r.-7.-2.mca: 0 size
Removed world/poi/r.0.2.mca: 0 size
Removed world/poi/r.-5.-2.mca: 0 size
Removed world/poi/r.1.0.mca: 0 size
Removed world/poi/r.-1.-5.mca: 0 size
Removed world/poi/r.1.-3.mca: 0 size
Removed world/DIM-1/poi/r.-1.0.mca: 0 size
Removed world/DIM-1/poi/r.0.-1.mca: not used
Removed world/DIM-1/poi/r.-2.-2.mca: 0 size
Removed world/DIM-1/poi/r.0.-2.mca: 0 size
Removed world/DIM-1/poi/r.0.-3.mca: 0 size
Removed world/DIM-1/poi/r.0.0.mca: 0 size
Removed world/DIM-1/poi/r.-1.-3.mca: 0 size
Removed world/DIM-1/poi/r.-1.-2.mca: 0 size
Removed world/DIM-1/poi/r.1.0.mca: 0 size
Removed world/DIM-1/poi/r.-1.-1.mca: 0 size
Removed world/DIM-1/poi/r.1.-1.mca: 0 size
Removed world/DIM-1/data/raids.dat: not used
Removed datapacks/more mob heads v2.6.2.zip/pack.png: not used
Validated 369 files, 328 accepted, 41 rejected.
